# JRE version: OpenJDK Runtime Environment (21.0.8) (build 21.0.8+-14018985-b1038.68)
# Java VM: OpenJDK 64-Bit Server VM (21.0.8+-14018985-b1038.68, mixed mode, tiered, compressed oops, compressed class ptrs, g1 gc, windows-amd64)
GC Precious Log:
 CardTable entry size: 512
 Card Set container configuration: InlinePtr #cards 4 size 8 Array Of Cards #cards 16 size 48 Howl #buckets 8 coarsen threshold 3686 Howl Bitmap #cards 512 size 80 coarsen threshold 460 Card regions per heap region 1 cards per card region 4096
 CPUs: 8 total, 8 available
 Memory: 15647M
 Large Page Support: Disabled
 NUMA Support: Disabled
 Compressed Oops: Enabled (Zero based)
 Heap Region Size: 2M
 Heap Min Capacity: 8M
 Heap Initial Capacity: 8M
 Heap Max Capacity: 3912M
 Pre-touch: Disabled
 Parallel Workers: 8
 Concurrent Workers: 2
 Concurrent Refinement Workers: 8
 Periodic GC: Disabled
Heap:
 garbage-first heap   total 8192K, used 1537K [0x000000070b800000, 0x0000000800000000)
  region size 2048K, 1 young (2048K), 1 survivors (2048K)
 Metaspace       used 10145K, committed 10304K, reserved 1114112K
  class space    used 1091K, committed 1152K, reserved 1048576K
GC Heap History (9 events):
Event: 0.136 GC heap before
{Heap before GC invocations=0 (full 0):
 garbage-first heap   total 8192K, used 2048K [0x000000070b800000, 0x0000000800000000)
  region size 2048K, 1 young (2048K), 0 survivors (0K)
 Metaspace       used 6535K, committed 6656K, reserved 1114112K
  class space    used 608K, committed 704K, reserved 1048576K
}
Event: 0.138 GC heap after
{Heap after GC invocations=1 (full 0):
 garbage-first heap   total 8192K, used 768K [0x000000070b800000, 0x0000000800000000)
  region size 2048K, 1 young (2048K), 1 survivors (2048K)
 Metaspace       used 6535K, committed 6656K, reserved 1114112K
  class space    used 608K, committed 704K, reserved 1048576K
}
Event: 0.180 GC heap before
{Heap before GC invocations=1 (full 0):
 garbage-first heap   total 8192K, used 2816K [0x000000070b800000, 0x0000000800000000)
  region size 2048K, 2 young (4096K), 1 survivors (2048K)
 Metaspace       used 7558K, committed 7744K, reserved 1114112K
  class space    used 729K, committed 832K, reserved 1048576K
}
Event: 0.182 GC heap after
{Heap after GC invocations=2 (full 0):
 garbage-first heap   total 8192K, used 962K [0x000000070b800000, 0x0000000800000000)
  region size 2048K, 1 young (2048K), 1 survivors (2048K)
 Metaspace       used 7558K, committed 7744K, reserved 1114112K
  class space    used 729K, committed 832K, reserved 1048576K
}
Event: 0.222 GC heap before
{Heap before GC invocations=2 (full 0):
 garbage-first heap   total 8192K, used 3010K [0x000000070b800000, 0x0000000800000000)
  region size 2048K, 2 young (4096K), 1 survivors (2048K)
 Metaspace       used 8571K, committed 8704K, reserved 1114112K
  class space    used 863K, committed 896K, reserved 1048576K
}
Event: 0.224 GC heap after
{Heap after GC invocations=3 (full 0):
 garbage-first heap   total 8192K, used 958K [0x000000070b800000, 0x0000000800000000)
  region size 2048K, 1 young (2048K), 1 survivors (2048K)
 Metaspace       used 8571K, committed 8704K, reserved 1114112K
  class space    used 863K, committed 896K, reserved 1048576K
}
Event: 0.267 GC heap before
{Heap before GC invocations=3 (full 0):
 garbage-first heap   total 8192K, used 3006K [0x000000070b800000, 0x0000000800000000)
  region size 2048K, 2 young (4096K), 1 survivors (2048K)
 Metaspace       used 9593K, committed 9728K, reserved 1114112K
  class space    used 1017K, committed 1088K, reserved 1048576K
}
Event: 0.269 GC heap after
{Heap after GC invocations=4 (full 0):
 garbage-first heap   total 8192K, used 1196K [0x000000070b800000, 0x0000000800000000)
  region size 2048K, 1 young (2048K), 1 survivors (2048K)
 Metaspace       used 9593K, committed 9728K, reserved 1114112K
  class space    used 1017K, committed 1088K, reserved 1048576K
}
Event: 0.292 GC heap before
{Heap before GC invocations=4 (full 0):
 garbage-first heap   total 8192K, used 1196K [0x000000070b800000, 0x0000000800000000)
  region size 2048K, 2 young (4096K), 1 survivors (2048K)
 Metaspace       used 10145K, committed 10304K, reserved 1114112K
  class space    used 1091K, committed 1152K, reserved 1048576K
}

